{"C:\\Users\\Manikantha.N\\Desktop\\LAXMANDEEP_New_WEBSITE\\src\\components\\client\\EconomicsSection.tsx": {"path":"C:\\Users\\Manikantha.N\\Desktop\\LAXMANDEEP_New_WEBSITE\\src\\components\\client\\EconomicsSection.tsx","statementMap":{"0":{"start":{"line":2,"column":2},"end":{"line":35,"column":null}}},"fnMap":{"0":{"name":"EconomicsSection","decl":{"start":{"line":1,"column":24},"end":{"line":1,"column":43}},"loc":{"start":{"line":1,"column":43},"end":{"line":37,"column":null}},"line":1}},"branchMap":{},"s":{"0":2},"f":{"0":2},"b":{},"meta":{"lastBranch":0,"lastFunction":1,"lastStatement":1,"seen":{"f:1:24:1:43":0,"s:2:2:35:Infinity":0},"fnNames":{}}}
,"C:\\Users\\Manikantha.N\\Desktop\\LAXMANDEEP_New_WEBSITE\\src\\components\\client\\EcosystemSection.tsx": {"path":"C:\\Users\\Manikantha.N\\Desktop\\LAXMANDEEP_New_WEBSITE\\src\\components\\client\\EcosystemSection.tsx","statementMap":{"0":{"start":{"line":9,"column":2},"end":{"line":56,"column":null}}},"fnMap":{"0":{"name":"EcosystemSection","decl":{"start":{"line":5,"column":24},"end":{"line":5,"column":41}},"loc":{"start":{"line":7,"column":10},"end":{"line":58,"column":null}},"line":7}},"branchMap":{},"s":{"0":5},"f":{"0":5},"b":{},"meta":{"lastBranch":0,"lastFunction":1,"lastStatement":1,"seen":{"f:5:24:5:41":0,"s:9:2:56:Infinity":0},"fnNames":{}}}
,"C:\\Users\\Manikantha.N\\Desktop\\LAXMANDEEP_New_WEBSITE\\src\\components\\client\\ExecutionSection.tsx": {"path":"C:\\Users\\Manikantha.N\\Desktop\\LAXMANDEEP_New_WEBSITE\\src\\components\\client\\ExecutionSection.tsx","statementMap":{"0":{"start":{"line":8,"column":2},"end":{"line":28,"column":null}},"1":{"start":{"line":18,"column":10},"end":{"line":23,"column":null}}},"fnMap":{"0":{"name":"ExecutionSection","decl":{"start":{"line":5,"column":24},"end":{"line":5,"column":41}},"loc":{"start":{"line":7,"column":10},"end":{"line":30,"column":null}},"line":7},"1":{"name":"(anonymous_1)","decl":{"start":{"line":16,"column":18},"end":{"line":16,"column":23}},"loc":{"start":{"line":18,"column":10},"end":{"line":23,"column":null}},"line":18}},"branchMap":{},"s":{"0":2,"1":6},"f":{"0":2,"1":6},"b":{},"meta":{"lastBranch":0,"lastFunction":2,"lastStatement":2,"seen":{"f:5:24:5:41":0,"s:8:2:28:Infinity":0,"f:16:18:16:23":1,"s:18:10:23:Infinity":1},"fnNames":{}}}
,"C:\\Users\\Manikantha.N\\Desktop\\LAXMANDEEP_New_WEBSITE\\src\\components\\client\\ExitVision.tsx": {"path":"C:\\Users\\Manikantha.N\\Desktop\\LAXMANDEEP_New_WEBSITE\\src\\components\\client\\ExitVision.tsx","statementMap":{"0":{"start":{"line":3,"column":2},"end":{"line":12,"column":null}}},"fnMap":{"0":{"name":"ExitVision","decl":{"start":{"line":1,"column":24},"end":{"line":1,"column":37}},"loc":{"start":{"line":1,"column":37},"end":{"line":14,"column":null}},"line":1}},"branchMap":{},"s":{"0":2},"f":{"0":2},"b":{},"meta":{"lastBranch":0,"lastFunction":1,"lastStatement":1,"seen":{"f:1:24:1:37":0,"s:3:2:12:Infinity":0},"fnNames":{}}}
,"C:\\Users\\Manikantha.N\\Desktop\\LAXMANDEEP_New_WEBSITE\\src\\components\\client\\FinancialProjectionSection.tsx": {"path":"C:\\Users\\Manikantha.N\\Desktop\\LAXMANDEEP_New_WEBSITE\\src\\components\\client\\FinancialProjectionSection.tsx","statementMap":{"0":{"start":{"line":8,"column":2},"end":{"line":28,"column":null}},"1":{"start":{"line":18,"column":10},"end":{"line":23,"column":null}}},"fnMap":{"0":{"name":"FinancialProjectionSection","decl":{"start":{"line":5,"column":24},"end":{"line":5,"column":51}},"loc":{"start":{"line":7,"column":10},"end":{"line":30,"column":null}},"line":7},"1":{"name":"(anonymous_1)","decl":{"start":{"line":16,"column":21},"end":{"line":16,"column":26}},"loc":{"start":{"line":18,"column":10},"end":{"line":23,"column":null}},"line":18}},"branchMap":{},"s":{"0":2,"1":8},"f":{"0":2,"1":8},"b":{},"meta":{"lastBranch":0,"lastFunction":2,"lastStatement":2,"seen":{"f:5:24:5:51":0,"s:8:2:28:Infinity":0,"f:16:21:16:26":1,"s:18:10:23:Infinity":1},"fnNames":{}}}
,"C:\\Users\\Manikantha.N\\Desktop\\LAXMANDEEP_New_WEBSITE\\src\\components\\client\\FortressBusinessModel.tsx": {"path":"C:\\Users\\Manikantha.N\\Desktop\\LAXMANDEEP_New_WEBSITE\\src\\components\\client\\FortressBusinessModel.tsx","statementMap":{"0":{"start":{"line":8,"column":2},"end":{"line":28,"column":null}},"1":{"start":{"line":18,"column":10},"end":{"line":23,"column":null}}},"fnMap":{"0":{"name":"FortressBusinessModel","decl":{"start":{"line":5,"column":24},"end":{"line":5,"column":46}},"loc":{"start":{"line":7,"column":10},"end":{"line":30,"column":null}},"line":7},"1":{"name":"(anonymous_1)","decl":{"start":{"line":16,"column":16},"end":{"line":16,"column":21}},"loc":{"start":{"line":18,"column":10},"end":{"line":23,"column":null}},"line":18}},"branchMap":{},"s":{"0":2,"1":6},"f":{"0":2,"1":6},"b":{},"meta":{"lastBranch":0,"lastFunction":2,"lastStatement":2,"seen":{"f:5:24:5:46":0,"s:8:2:28:Infinity":0,"f:16:16:16:21":1,"s:18:10:23:Infinity":1},"fnNames":{}}}
,"C:\\Users\\Manikantha.N\\Desktop\\LAXMANDEEP_New_WEBSITE\\src\\components\\client\\FortressChallengeSection.tsx": {"path":"C:\\Users\\Manikantha.N\\Desktop\\LAXMANDEEP_New_WEBSITE\\src\\components\\client\\FortressChallengeSection.tsx","statementMap":{"0":{"start":{"line":11,"column":2},"end":{"line":32,"column":null}},"1":{"start":{"line":21,"column":10},"end":{"line":27,"column":null}}},"fnMap":{"0":{"name":"FortressChallengeSection","decl":{"start":{"line":8,"column":24},"end":{"line":8,"column":49}},"loc":{"start":{"line":10,"column":10},"end":{"line":34,"column":null}},"line":10},"1":{"name":"(anonymous_1)","decl":{"start":{"line":19,"column":20},"end":{"line":19,"column":25}},"loc":{"start":{"line":21,"column":10},"end":{"line":27,"column":null}},"line":21}},"branchMap":{},"s":{"0":2,"1":8},"f":{"0":2,"1":8},"b":{},"meta":{"lastBranch":0,"lastFunction":2,"lastStatement":2,"seen":{"f:8:24:8:49":0,"s:11:2:32:Infinity":0,"f:19:20:19:25":1,"s:21:10:27:Infinity":1},"fnNames":{}}}
,"C:\\Users\\Manikantha.N\\Desktop\\LAXMANDEEP_New_WEBSITE\\src\\components\\client\\FortressHero.tsx": {"path":"C:\\Users\\Manikantha.N\\Desktop\\LAXMANDEEP_New_WEBSITE\\src\\components\\client\\FortressHero.tsx","statementMap":{"0":{"start":{"line":12,"column":2},"end":{"line":19,"column":null}}},"fnMap":{"0":{"name":"FortressHero","decl":{"start":{"line":7,"column":24},"end":{"line":7,"column":37}},"loc":{"start":{"line":11,"column":10},"end":{"line":21,"column":null}},"line":11}},"branchMap":{},"s":{"0":2},"f":{"0":2},"b":{},"meta":{"lastBranch":0,"lastFunction":1,"lastStatement":1,"seen":{"f:7:24:7:37":0,"s:12:2:19:Infinity":0},"fnNames":{}}}
,"C:\\Users\\Manikantha.N\\Desktop\\LAXMANDEEP_New_WEBSITE\\src\\components\\client\\FortressOSSSection.tsx": {"path":"C:\\Users\\Manikantha.N\\Desktop\\LAXMANDEEP_New_WEBSITE\\src\\components\\client\\FortressOSSSection.tsx","statementMap":{"0":{"start":{"line":8,"column":2},"end":{"line":48,"column":null}}},"fnMap":{"0":{"name":"FortressOSSSection","decl":{"start":{"line":5,"column":24},"end":{"line":5,"column":43}},"loc":{"start":{"line":7,"column":10},"end":{"line":50,"column":null}},"line":7}},"branchMap":{},"s":{"0":2},"f":{"0":2},"b":{},"meta":{"lastBranch":0,"lastFunction":1,"lastStatement":1,"seen":{"f:5:24:5:43":0,"s:8:2:48:Infinity":0},"fnNames":{}}}
,"C:\\Users\\Manikantha.N\\Desktop\\LAXMANDEEP_New_WEBSITE\\src\\components\\client\\GTMSection.tsx": {"path":"C:\\Users\\Manikantha.N\\Desktop\\LAXMANDEEP_New_WEBSITE\\src\\components\\client\\GTMSection.tsx","statementMap":{"0":{"start":{"line":8,"column":2},"end":{"line":24,"column":null}},"1":{"start":{"line":16,"column":10},"end":{"line":21,"column":null}}},"fnMap":{"0":{"name":"GTMSection","decl":{"start":{"line":5,"column":24},"end":{"line":5,"column":35}},"loc":{"start":{"line":7,"column":10},"end":{"line":26,"column":null}},"line":7},"1":{"name":"(anonymous_1)","decl":{"start":{"line":15,"column":15},"end":{"line":15,"column":20}},"loc":{"start":{"line":16,"column":10},"end":{"line":21,"column":null}},"line":16}},"branchMap":{},"s":{"0":2,"1":6},"f":{"0":2,"1":6},"b":{},"meta":{"lastBranch":0,"lastFunction":2,"lastStatement":2,"seen":{"f:5:24:5:35":0,"s:8:2:24:Infinity":0,"f:15:15:15:20":1,"s:16:10:21:Infinity":1},"fnNames":{}}}
,"C:\\Users\\Manikantha.N\\Desktop\\LAXMANDEEP_New_WEBSITE\\src\\components\\client\\GlobalReachSection.tsx": {"path":"C:\\Users\\Manikantha.N\\Desktop\\LAXMANDEEP_New_WEBSITE\\src\\components\\client\\GlobalReachSection.tsx","statementMap":{"0":{"start":{"line":8,"column":2},"end":{"line":29,"column":null}},"1":{"start":{"line":18,"column":10},"end":{"line":23,"column":null}}},"fnMap":{"0":{"name":"GlobalReachSection","decl":{"start":{"line":5,"column":24},"end":{"line":5,"column":43}},"loc":{"start":{"line":7,"column":10},"end":{"line":31,"column":null}},"line":7},"1":{"name":"(anonymous_1)","decl":{"start":{"line":16,"column":19},"end":{"line":16,"column":24}},"loc":{"start":{"line":18,"column":10},"end":{"line":23,"column":null}},"line":18}},"branchMap":{},"s":{"0":5,"1":53},"f":{"0":5,"1":53},"b":{},"meta":{"lastBranch":0,"lastFunction":2,"lastStatement":2,"seen":{"f:5:24:5:43":0,"s:8:2:29:Infinity":0,"f:16:19:16:24":1,"s:18:10:23:Infinity":1},"fnNames":{}}}
,"C:\\Users\\Manikantha.N\\Desktop\\LAXMANDEEP_New_WEBSITE\\src\\components\\client\\MarketOpportunitySection.tsx": {"path":"C:\\Users\\Manikantha.N\\Desktop\\LAXMANDEEP_New_WEBSITE\\src\\components\\client\\MarketOpportunitySection.tsx","statementMap":{"0":{"start":{"line":8,"column":2},"end":{"line":28,"column":null}},"1":{"start":{"line":18,"column":10},"end":{"line":23,"column":null}}},"fnMap":{"0":{"name":"MarketOpportunitySection","decl":{"start":{"line":5,"column":24},"end":{"line":5,"column":49}},"loc":{"start":{"line":7,"column":10},"end":{"line":30,"column":null}},"line":7},"1":{"name":"(anonymous_1)","decl":{"start":{"line":16,"column":14},"end":{"line":16,"column":19}},"loc":{"start":{"line":18,"column":10},"end":{"line":23,"column":null}},"line":18}},"branchMap":{},"s":{"0":2,"1":6},"f":{"0":2,"1":6},"b":{},"meta":{"lastBranch":0,"lastFunction":2,"lastStatement":2,"seen":{"f:5:24:5:49":0,"s:8:2:28:Infinity":0,"f:16:14:16:19":1,"s:18:10:23:Infinity":1},"fnNames":{}}}
,"C:\\Users\\Manikantha.N\\Desktop\\LAXMANDEEP_New_WEBSITE\\src\\components\\client\\MarketsSection.tsx": {"path":"C:\\Users\\Manikantha.N\\Desktop\\LAXMANDEEP_New_WEBSITE\\src\\components\\client\\MarketsSection.tsx","statementMap":{"0":{"start":{"line":5,"column":20},"end":{"line":14,"column":null}},"1":{"start":{"line":19,"column":2},"end":{"line":47,"column":null}},"2":{"start":{"line":29,"column":10},"end":{"line":42,"column":null}}},"fnMap":{"0":{"name":"MarketsSection","decl":{"start":{"line":16,"column":24},"end":{"line":16,"column":39}},"loc":{"start":{"line":18,"column":10},"end":{"line":49,"column":null}},"line":18},"1":{"name":"(anonymous_1)","decl":{"start":{"line":27,"column":17},"end":{"line":27,"column":22}},"loc":{"start":{"line":29,"column":10},"end":{"line":42,"column":null}},"line":29}},"branchMap":{"0":{"loc":{"start":{"line":35,"column":15},"end":{"line":35,"column":null}},"type":"binary-expr","locations":[{"start":{"line":35,"column":15},"end":{"line":35,"column":37}},{"start":{"line":35,"column":37},"end":{"line":35,"column":null}}],"line":35}},"s":{"0":2,"1":7,"2":49},"f":{"0":7,"1":49},"b":{"0":[49,1]},"meta":{"lastBranch":1,"lastFunction":2,"lastStatement":3,"seen":{"s:5:20:14:Infinity":0,"f:16:24:16:39":0,"s:19:2:47:Infinity":1,"f:27:17:27:22":1,"s:29:10:42:Infinity":2,"b:35:15:35:37:35:37:35:Infinity":0},"fnNames":{}}}
,"C:\\Users\\Manikantha.N\\Desktop\\LAXMANDEEP_New_WEBSITE\\src\\components\\client\\PartnersSection.tsx": {"path":"C:\\Users\\Manikantha.N\\Desktop\\LAXMANDEEP_New_WEBSITE\\src\\components\\client\\PartnersSection.tsx","statementMap":{"0":{"start":{"line":8,"column":2},"end":{"line":24,"column":null}},"1":{"start":{"line":16,"column":10},"end":{"line":21,"column":null}}},"fnMap":{"0":{"name":"PartnersSection","decl":{"start":{"line":5,"column":24},"end":{"line":5,"column":40}},"loc":{"start":{"line":7,"column":10},"end":{"line":26,"column":null}},"line":7},"1":{"name":"(anonymous_1)","decl":{"start":{"line":15,"column":18},"end":{"line":15,"column":23}},"loc":{"start":{"line":16,"column":10},"end":{"line":21,"column":null}},"line":16}},"branchMap":{},"s":{"0":5,"1":46},"f":{"0":5,"1":46},"b":{},"meta":{"lastBranch":0,"lastFunction":2,"lastStatement":2,"seen":{"f:5:24:5:40":0,"s:8:2:24:Infinity":0,"f:15:18:15:23":1,"s:16:10:21:Infinity":1},"fnNames":{}}}
,"C:\\Users\\Manikantha.N\\Desktop\\LAXMANDEEP_New_WEBSITE\\src\\components\\client\\PatentSection.tsx": {"path":"C:\\Users\\Manikantha.N\\Desktop\\LAXMANDEEP_New_WEBSITE\\src\\components\\client\\PatentSection.tsx","statementMap":{"0":{"start":{"line":8,"column":2},"end":{"line":44,"column":null}},"1":{"start":{"line":32,"column":12},"end":{"line":37,"column":null}}},"fnMap":{"0":{"name":"PatentSection","decl":{"start":{"line":5,"column":24},"end":{"line":5,"column":38}},"loc":{"start":{"line":7,"column":10},"end":{"line":46,"column":null}},"line":7},"1":{"name":"(anonymous_1)","decl":{"start":{"line":30,"column":19},"end":{"line":30,"column":24}},"loc":{"start":{"line":32,"column":12},"end":{"line":37,"column":null}},"line":32}},"branchMap":{},"s":{"0":5,"1":34},"f":{"0":5,"1":34},"b":{},"meta":{"lastBranch":0,"lastFunction":2,"lastStatement":2,"seen":{"f:5:24:5:38":0,"s:8:2:44:Infinity":0,"f:30:19:30:24":1,"s:32:12:37:Infinity":1},"fnNames":{}}}
,"C:\\Users\\Manikantha.N\\Desktop\\LAXMANDEEP_New_WEBSITE\\src\\components\\client\\ProductsSection.tsx": {"path":"C:\\Users\\Manikantha.N\\Desktop\\LAXMANDEEP_New_WEBSITE\\src\\components\\client\\ProductsSection.tsx","statementMap":{"0":{"start":{"line":8,"column":2},"end":{"line":24,"column":null}},"1":{"start":{"line":16,"column":10},"end":{"line":21,"column":null}}},"fnMap":{"0":{"name":"ProductsSection","decl":{"start":{"line":7,"column":24},"end":{"line":7,"column":40}},"loc":{"start":{"line":7,"column":61},"end":{"line":26,"column":null}},"line":7},"1":{"name":"(anonymous_1)","decl":{"start":{"line":15,"column":18},"end":{"line":15,"column":23}},"loc":{"start":{"line":16,"column":10},"end":{"line":21,"column":null}},"line":16}},"branchMap":{},"s":{"0":5,"1":38},"f":{"0":5,"1":38},"b":{},"meta":{"lastBranch":0,"lastFunction":2,"lastStatement":2,"seen":{"f:7:24:7:40":0,"s:8:2:24:Infinity":0,"f:15:18:15:23":1,"s:16:10:21:Infinity":1},"fnNames":{}}}
,"C:\\Users\\Manikantha.N\\Desktop\\LAXMANDEEP_New_WEBSITE\\src\\components\\client\\SolutionsSection.tsx": {"path":"C:\\Users\\Manikantha.N\\Desktop\\LAXMANDEEP_New_WEBSITE\\src\\components\\client\\SolutionsSection.tsx","statementMap":{"0":{"start":{"line":15,"column":2},"end":{"line":60,"column":null}},"1":{"start":{"line":25,"column":10},"end":{"line":55,"column":null}},"2":{"start":{"line":45,"column":16},"end":{"line":50,"column":null}}},"fnMap":{"0":{"name":"SolutionsSection","decl":{"start":{"line":12,"column":24},"end":{"line":12,"column":41}},"loc":{"start":{"line":14,"column":10},"end":{"line":62,"column":null}},"line":14},"1":{"name":"(anonymous_1)","decl":{"start":{"line":23,"column":19},"end":{"line":23,"column":24}},"loc":{"start":{"line":25,"column":10},"end":{"line":55,"column":null}},"line":25},"2":{"name":"(anonymous_2)","decl":{"start":{"line":44,"column":29},"end":{"line":44,"column":34}},"loc":{"start":{"line":45,"column":16},"end":{"line":50,"column":null}},"line":45}},"branchMap":{},"s":{"0":5,"1":19,"2":114},"f":{"0":5,"1":19,"2":114},"b":{},"meta":{"lastBranch":0,"lastFunction":3,"lastStatement":3,"seen":{"f:12:24:12:41":0,"s:15:2:60:Infinity":0,"f:23:19:23:24":1,"s:25:10:55:Infinity":1,"f:44:29:44:34":2,"s:45:16:50:Infinity":2},"fnNames":{}}}
,"C:\\Users\\Manikantha.N\\Desktop\\LAXMANDEEP_New_WEBSITE\\src\\components\\client\\TeamSection.tsx": {"path":"C:\\Users\\Manikantha.N\\Desktop\\LAXMANDEEP_New_WEBSITE\\src\\components\\client\\TeamSection.tsx","statementMap":{"0":{"start":{"line":8,"column":2},"end":{"line":32,"column":null}},"1":{"start":{"line":18,"column":10},"end":{"line":27,"column":null}}},"fnMap":{"0":{"name":"TeamSection","decl":{"start":{"line":5,"column":24},"end":{"line":5,"column":36}},"loc":{"start":{"line":7,"column":10},"end":{"line":34,"column":null}},"line":7},"1":{"name":"(anonymous_1)","decl":{"start":{"line":16,"column":14},"end":{"line":16,"column":19}},"loc":{"start":{"line":18,"column":10},"end":{"line":27,"column":null}},"line":18}},"branchMap":{},"s":{"0":2,"1":8},"f":{"0":2,"1":8},"b":{},"meta":{"lastBranch":0,"lastFunction":2,"lastStatement":2,"seen":{"f:5:24:5:36":0,"s:8:2:32:Infinity":0,"f:16:14:16:19":1,"s:18:10:27:Infinity":1},"fnNames":{}}}
,"C:\\Users\\Manikantha.N\\Desktop\\LAXMANDEEP_New_WEBSITE\\src\\components\\client\\TechnologyValidationSection.tsx": {"path":"C:\\Users\\Manikantha.N\\Desktop\\LAXMANDEEP_New_WEBSITE\\src\\components\\client\\TechnologyValidationSection.tsx","statementMap":{"0":{"start":{"line":8,"column":2},"end":{"line":24,"column":null}},"1":{"start":{"line":16,"column":10},"end":{"line":21,"column":null}}},"fnMap":{"0":{"name":"TechnologyValidationSection","decl":{"start":{"line":5,"column":24},"end":{"line":5,"column":52}},"loc":{"start":{"line":7,"column":10},"end":{"line":26,"column":null}},"line":7},"1":{"name":"(anonymous_1)","decl":{"start":{"line":15,"column":20},"end":{"line":15,"column":25}},"loc":{"start":{"line":16,"column":10},"end":{"line":21,"column":null}},"line":16}},"branchMap":{},"s":{"0":2,"1":8},"f":{"0":2,"1":8},"b":{},"meta":{"lastBranch":0,"lastFunction":2,"lastStatement":2,"seen":{"f:5:24:5:52":0,"s:8:2:24:Infinity":0,"f:15:20:15:25":1,"s:16:10:21:Infinity":1},"fnNames":{}}}
,"C:\\Users\\Manikantha.N\\Desktop\\LAXMANDEEP_New_WEBSITE\\src\\components\\client\\WhySection.tsx": {"path":"C:\\Users\\Manikantha.N\\Desktop\\LAXMANDEEP_New_WEBSITE\\src\\components\\client\\WhySection.tsx","statementMap":{"0":{"start":{"line":8,"column":2},"end":{"line":29,"column":null}},"1":{"start":{"line":18,"column":10},"end":{"line":24,"column":null}}},"fnMap":{"0":{"name":"WhySection","decl":{"start":{"line":5,"column":24},"end":{"line":5,"column":35}},"loc":{"start":{"line":7,"column":10},"end":{"line":31,"column":null}},"line":7},"1":{"name":"(anonymous_1)","decl":{"start":{"line":16,"column":20},"end":{"line":16,"column":25}},"loc":{"start":{"line":18,"column":10},"end":{"line":24,"column":null}},"line":18}},"branchMap":{},"s":{"0":5,"1":54},"f":{"0":5,"1":54},"b":{},"meta":{"lastBranch":0,"lastFunction":2,"lastStatement":2,"seen":{"f:5:24:5:35":0,"s:8:2:29:Infinity":0,"f:16:20:16:25":1,"s:18:10:24:Infinity":1},"fnNames":{}}}
,"C:\\Users\\Manikantha.N\\Desktop\\LAXMANDEEP_New_WEBSITE\\src\\components\\client\\clientSections.css": {"path":"C:\\Users\\Manikantha.N\\Desktop\\LAXMANDEEP_New_WEBSITE\\src\\components\\client\\clientSections.css","statementMap":{},"fnMap":{},"branchMap":{},"s":{},"f":{},"b":{},"meta":{"lastBranch":0,"lastFunction":0,"lastStatement":0,"seen":{},"fnNames":{}}}
,"C:\\Users\\Manikantha.N\\Desktop\\LAXMANDEEP_New_WEBSITE\\src\\components\\footer\\footer.css": {"path":"C:\\Users\\Manikantha.N\\Desktop\\LAXMANDEEP_New_WEBSITE\\src\\components\\footer\\footer.css","statementMap":{},"fnMap":{},"branchMap":{},"s":{},"f":{},"b":{},"meta":{"lastBranch":0,"lastFunction":0,"lastStatement":0,"seen":{},"fnNames":{}}}
,"C:\\Users\\Manikantha.N\\Desktop\\LAXMANDEEP_New_WEBSITE\\src\\components\\footer\\footer.tsx": {"path":"C:\\Users\\Manikantha.N\\Desktop\\LAXMANDEEP_New_WEBSITE\\src\\components\\footer\\footer.tsx","statementMap":{"0":{"start":{"line":14,"column":6},"end":{"line":181,"column":null}},"1":{"start":{"line":15,"column":2},"end":{"line":179,"column":null}}},"fnMap":{"0":{"name":"(anonymous_0)","decl":{"start":{"line":14,"column":6},"end":{"line":14,"column":21}},"loc":{"start":{"line":14,"column":21},"end":{"line":181,"column":null}},"line":14}},"branchMap":{},"s":{"0":1,"1":13},"f":{"0":13},"b":{},"meta":{"lastBranch":0,"lastFunction":1,"lastStatement":2,"seen":{"s:14:6:181:Infinity":0,"f:14:6:14:21":0,"s:15:2:179:Infinity":1},"fnNames":{}}}
,"C:\\Users\\Manikantha.N\\Desktop\\LAXMANDEEP_New_WEBSITE\\src\\components\\navbar\\navbar.css": {"path":"C:\\Users\\Manikantha.N\\Desktop\\LAXMANDEEP_New_WEBSITE\\src\\components\\navbar\\navbar.css","statementMap":{},"fnMap":{},"branchMap":{},"s":{},"f":{},"b":{},"meta":{"lastBranch":0,"lastFunction":0,"lastStatement":0,"seen":{},"fnNames":{}}}
,"C:\\Users\\Manikantha.N\\Desktop\\LAXMANDEEP_New_WEBSITE\\src\\components\\navbar\\navbar.tsx": {"path":"C:\\Users\\Manikantha.N\\Desktop\\LAXMANDEEP_New_WEBSITE\\src\\components\\navbar\\navbar.tsx","statementMap":{"0":{"start":{"line":6,"column":19},"end":{"line":6,"column":null}},"1":{"start":{"line":8,"column":2},"end":{"line":57,"column":null}},"2":{"start":{"line":18,"column":23},"end":{"line":18,"column":null}},"3":{"start":{"line":27,"column":38},"end":{"line":27,"column":58}},"4":{"start":{"line":33,"column":43},"end":{"line":33,"column":63}},"5":{"start":{"line":39,"column":46},"end":{"line":39,"column":66}},"6":{"start":{"line":45,"column":45},"end":{"line":45,"column":65}},"7":{"start":{"line":51,"column":45},"end":{"line":51,"column":65}}},"fnMap":{"0":{"name":"Navbar","decl":{"start":{"line":5,"column":24},"end":{"line":5,"column":33}},"loc":{"start":{"line":5,"column":33},"end":{"line":59,"column":null}},"line":5},"1":{"name":"(anonymous_1)","decl":{"start":{"line":18,"column":8},"end":{"line":18,"column":23}},"loc":{"start":{"line":18,"column":23},"end":{"line":18,"column":null}},"line":18},"2":{"name":"(anonymous_2)","decl":{"start":{"line":27,"column":23},"end":{"line":27,"column":38}},"loc":{"start":{"line":27,"column":38},"end":{"line":27,"column":58}},"line":27},"3":{"name":"(anonymous_3)","decl":{"start":{"line":33,"column":28},"end":{"line":33,"column":43}},"loc":{"start":{"line":33,"column":43},"end":{"line":33,"column":63}},"line":33},"4":{"name":"(anonymous_4)","decl":{"start":{"line":39,"column":31},"end":{"line":39,"column":46}},"loc":{"start":{"line":39,"column":46},"end":{"line":39,"column":66}},"line":39},"5":{"name":"(anonymous_5)","decl":{"start":{"line":45,"column":30},"end":{"line":45,"column":45}},"loc":{"start":{"line":45,"column":45},"end":{"line":45,"column":65}},"line":45},"6":{"name":"(anonymous_6)","decl":{"start":{"line":51,"column":30},"end":{"line":51,"column":45}},"loc":{"start":{"line":51,"column":45},"end":{"line":51,"column":65}},"line":51}},"branchMap":{"0":{"loc":{"start":{"line":17,"column":32},"end":{"line":17,"column":null}},"type":"cond-expr","locations":[{"start":{"line":17,"column":43},"end":{"line":17,"column":54}},{"start":{"line":17,"column":54},"end":{"line":17,"column":null}}],"line":17},"1":{"loc":{"start":{"line":25,"column":34},"end":{"line":25,"column":null}},"type":"cond-expr","locations":[{"start":{"line":25,"column":45},"end":{"line":25,"column":56}},{"start":{"line":25,"column":56},"end":{"line":25,"column":null}}],"line":25}},"s":{"0":27,"1":27,"2":4,"3":2,"4":1,"5":1,"6":1,"7":1},"f":{"0":27,"1":4,"2":2,"3":1,"4":1,"5":1,"6":1},"b":{"0":[3,24],"1":[3,24]},"meta":{"lastBranch":2,"lastFunction":7,"lastStatement":8,"seen":{"f:5:24:5:33":0,"s:6:19:6:Infinity":0,"s:8:2:57:Infinity":1,"b:17:43:17:54:17:54:17:Infinity":0,"f:18:8:18:23":1,"s:18:23:18:Infinity":2,"b:25:45:25:56:25:56:25:Infinity":1,"f:27:23:27:38":2,"s:27:38:27:58":3,"f:33:28:33:43":3,"s:33:43:33:63":4,"f:39:31:39:46":4,"s:39:46:39:66":5,"f:45:30:45:45":5,"s:45:45:45:65":6,"f:51:30:51:45":6,"s:51:45:51:65":7},"fnNames":{}}}
,"C:\\Users\\Manikantha.N\\Desktop\\LAXMANDEEP_New_WEBSITE\\src\\data\\client.ts": {"path":"C:\\Users\\Manikantha.N\\Desktop\\LAXMANDEEP_New_WEBSITE\\src\\data\\client.ts","statementMap":{"0":{"start":{"line":1,"column":23},"end":{"line":421,"column":null}}},"fnMap":{},"branchMap":{},"s":{"0":2},"f":{},"b":{},"meta":{"lastBranch":0,"lastFunction":0,"lastStatement":1,"seen":{"s:1:23:421:Infinity":0},"fnNames":{}}}
,"C:\\Users\\Manikantha.N\\Desktop\\LAXMANDEEP_New_WEBSITE\\src\\pages\\clients\\clients.css": {"path":"C:\\Users\\Manikantha.N\\Desktop\\LAXMANDEEP_New_WEBSITE\\src\\pages\\clients\\clients.css","statementMap":{},"fnMap":{},"branchMap":{},"s":{},"f":{},"b":{},"meta":{"lastBranch":0,"lastFunction":0,"lastStatement":0,"seen":{},"fnNames":{}}}
,"C:\\Users\\Manikantha.N\\Desktop\\LAXMANDEEP_New_WEBSITE\\src\\pages\\clients\\clients.tsx": {"path":"C:\\Users\\Manikantha.N\\Desktop\\LAXMANDEEP_New_WEBSITE\\src\\pages\\clients\\clients.tsx","statementMap":{"0":{"start":{"line":6,"column":8},"end":{"line":6,"column":null}},"1":{"start":{"line":8,"column":2},"end":{"line":192,"column":null}},"2":{"start":{"line":65,"column":16},"end":{"line":65,"column":null}},"3":{"start":{"line":108,"column":16},"end":{"line":108,"column":null}},"4":{"start":{"line":151,"column":4},"end":{"line":151,"column":null}}},"fnMap":{"0":{"name":"Clients","decl":{"start":{"line":5,"column":24},"end":{"line":5,"column":34}},"loc":{"start":{"line":5,"column":34},"end":{"line":194,"column":null}},"line":5},"1":{"name":"(anonymous_1)","decl":{"start":{"line":64,"column":14},"end":{"line":64,"column":null}},"loc":{"start":{"line":65,"column":16},"end":{"line":65,"column":null}},"line":65},"2":{"name":"(anonymous_2)","decl":{"start":{"line":107,"column":14},"end":{"line":107,"column":null}},"loc":{"start":{"line":108,"column":16},"end":{"line":108,"column":null}},"line":108},"3":{"name":"(anonymous_3)","decl":{"start":{"line":150,"column":2},"end":{"line":150,"column":null}},"loc":{"start":{"line":151,"column":4},"end":{"line":151,"column":null}},"line":151}},"branchMap":{},"s":{"0":13,"1":13,"2":1,"3":1,"4":1},"f":{"0":13,"1":1,"2":1,"3":1},"b":{},"meta":{"lastBranch":0,"lastFunction":4,"lastStatement":5,"seen":{"f:5:24:5:34":0,"s:6:8:6:Infinity":0,"s:8:2:192:Infinity":1,"f:64:14:64:Infinity":1,"s:65:16:65:Infinity":2,"f:107:14:107:Infinity":2,"s:108:16:108:Infinity":3,"f:150:2:150:Infinity":3,"s:151:4:151:Infinity":4},"fnNames":{}}}
,"C:\\Users\\Manikantha.N\\Desktop\\LAXMANDEEP_New_WEBSITE\\src\\pages\\clients\\clientdetails\\clientdetails.tsx": {"path":"C:\\Users\\Manikantha.N\\Desktop\\LAXMANDEEP_New_WEBSITE\\src\\pages\\clients\\clientdetails\\clientdetails.tsx","statementMap":{"0":{"start":{"line":15,"column":6},"end":{"line":15,"column":null}},"1":{"start":{"line":16,"column":10},"end":{"line":16,"column":null}},"2":{"start":{"line":19,"column":4},"end":{"line":19,"column":null}},"3":{"start":{"line":21,"column":2},"end":{"line":23,"column":null}},"4":{"start":{"line":22,"column":4},"end":{"line":22,"column":null}},"5":{"start":{"line":24,"column":0},"end":{"line":26,"column":null}},"6":{"start":{"line":25,"column":2},"end":{"line":25,"column":null}},"7":{"start":{"line":28,"column":0},"end":{"line":129,"column":null}},"8":{"start":{"line":34,"column":21},"end":{"line":34,"column":null}},"9":{"start":{"line":76,"column":8},"end":{"line":81,"column":null}}},"fnMap":{"0":{"name":"ClientDetails","decl":{"start":{"line":13,"column":24},"end":{"line":13,"column":40}},"loc":{"start":{"line":13,"column":40},"end":{"line":132,"column":null}},"line":13},"1":{"name":"(anonymous_1)","decl":{"start":{"line":34,"column":6},"end":{"line":34,"column":21}},"loc":{"start":{"line":34,"column":21},"end":{"line":34,"column":null}},"line":34},"2":{"name":"(anonymous_2)","decl":{"start":{"line":75,"column":23},"end":{"line":75,"column":28}},"loc":{"start":{"line":76,"column":8},"end":{"line":81,"column":null}},"line":76}},"branchMap":{"0":{"loc":{"start":{"line":21,"column":2},"end":{"line":23,"column":null}},"type":"if","locations":[{"start":{"line":21,"column":2},"end":{"line":23,"column":null}},{"start":{},"end":{}}],"line":21},"1":{"loc":{"start":{"line":24,"column":0},"end":{"line":26,"column":null}},"type":"if","locations":[{"start":{"line":24,"column":0},"end":{"line":26,"column":null}},{"start":{},"end":{}}],"line":24}},"s":{"0":7,"1":7,"2":7,"3":7,"4":1,"5":6,"6":1,"7":5,"8":1,"9":28},"f":{"0":7,"1":1,"2":28},"b":{"0":[1,6],"1":[1,5]},"meta":{"lastBranch":2,"lastFunction":3,"lastStatement":10,"seen":{"f:13:24:13:40":0,"s:15:6:15:Infinity":0,"s:16:10:16:Infinity":1,"s:19:4:19:Infinity":2,"b:21:2:23:Infinity:undefined:undefined:undefined:undefined":0,"s:21:2:23:Infinity":3,"s:22:4:22:Infinity":4,"b:24:0:26:Infinity:undefined:undefined:undefined:undefined":1,"s:24:0:26:Infinity":5,"s:25:2:25:Infinity":6,"s:28:0:129:Infinity":7,"f:34:6:34:21":1,"s:34:21:34:Infinity":8,"f:75:23:75:28":2,"s:76:8:81:Infinity":9},"fnNames":{}}}
,"C:\\Users\\Manikantha.N\\Desktop\\LAXMANDEEP_New_WEBSITE\\src\\pages\\clients\\fortress\\FortressDetails.tsx": {"path":"C:\\Users\\Manikantha.N\\Desktop\\LAXMANDEEP_New_WEBSITE\\src\\pages\\clients\\fortress\\FortressDetails.tsx","statementMap":{"0":{"start":{"line":16,"column":17},"end":{"line":16,"column":null}},"1":{"start":{"line":17,"column":8},"end":{"line":17,"column":null}},"2":{"start":{"line":18,"column":2},"end":{"line":77,"column":null}},"3":{"start":{"line":24,"column":21},"end":{"line":24,"column":null}}},"fnMap":{"0":{"name":"FortressDetails","decl":{"start":{"line":15,"column":24},"end":{"line":15,"column":42}},"loc":{"start":{"line":15,"column":42},"end":{"line":80,"column":null}},"line":15},"1":{"name":"(anonymous_1)","decl":{"start":{"line":24,"column":6},"end":{"line":24,"column":21}},"loc":{"start":{"line":24,"column":21},"end":{"line":24,"column":null}},"line":24}},"branchMap":{},"s":{"0":2,"1":2,"2":2,"3":1},"f":{"0":2,"1":1},"b":{},"meta":{"lastBranch":0,"lastFunction":2,"lastStatement":4,"seen":{"f:15:24:15:42":0,"s:16:17:16:Infinity":0,"s:17:8:17:Infinity":1,"s:18:2:77:Infinity":2,"f:24:6:24:21":1,"s:24:21:24:Infinity":3},"fnNames":{}}}
}
